0 info it worked if it ends with ok
1 verbose cli [ '/usr/bin/node', '/usr/bin/npm', 'run', 'sass' ]
2 info using npm@3.10.10
3 info using node@v6.17.1
4 verbose run-script [ 'presass', 'sass', 'postsass' ]
5 info lifecycle project_management_frontend@1.0.0~presass: project_management_frontend@1.0.0
6 silly lifecycle project_management_frontend@1.0.0~presass: no script for presass, continuing
7 info lifecycle project_management_frontend@1.0.0~sass: project_management_frontend@1.0.0
8 verbose lifecycle project_management_frontend@1.0.0~sass: unsafe-perm in lifecycle true
9 verbose lifecycle project_management_frontend@1.0.0~sass: PATH: /usr/lib/node_modules/npm/bin/node-gyp-bin:/home/jake/project-management-dev/frontend/node_modules/.bin:/home/jake/.vscode-server/bin/5763d909d5f12fe19f215cbfdd29a91c0fa9208a/bin:/home/jake/.vscode-server/bin/5763d909d5f12fe19f215cbfdd29a91c0fa9208a/bin:/usr/local/bin:/usr/bin:/opt/puppetlabs/bin:/usr/local/sbin:/usr/sbin:/home/jake/.local/bin:/home/jake/bin
10 verbose lifecycle project_management_frontend@1.0.0~sass: CWD: /home/jake/project-management-dev/frontend
11 silly lifecycle project_management_frontend@1.0.0~sass: Args: [ '-c', 'node-sass public/sass -o public/css' ]
12 silly lifecycle project_management_frontend@1.0.0~sass: Returned: code: 1  signal: null
13 info lifecycle project_management_frontend@1.0.0~sass: Failed to exec sass script
14 verbose stack Error: project_management_frontend@1.0.0 sass: `node-sass public/sass -o public/css`
14 verbose stack Exit status 1
14 verbose stack     at EventEmitter.<anonymous> (/usr/lib/node_modules/npm/lib/utils/lifecycle.js:255:16)
14 verbose stack     at emitTwo (events.js:106:13)
14 verbose stack     at EventEmitter.emit (events.js:191:7)
14 verbose stack     at ChildProcess.<anonymous> (/usr/lib/node_modules/npm/lib/utils/spawn.js:40:14)
14 verbose stack     at emitTwo (events.js:106:13)
14 verbose stack     at ChildProcess.emit (events.js:191:7)
14 verbose stack     at maybeClose (internal/child_process.js:920:16)
14 verbose stack     at Process.ChildProcess._handle.onexit (internal/child_process.js:230:5)
15 verbose pkgid project_management_frontend@1.0.0
16 verbose cwd /home/jake/project-management-dev/frontend
17 error Linux 3.10.0-1062.12.1.el7.x86_64
18 error argv "/usr/bin/node" "/usr/bin/npm" "run" "sass"
19 error node v6.17.1
20 error npm  v3.10.10
21 error code ELIFECYCLE
22 error project_management_frontend@1.0.0 sass: `node-sass public/sass -o public/css`
22 error Exit status 1
23 error Failed at the project_management_frontend@1.0.0 sass script 'node-sass public/sass -o public/css'.
23 error Make sure you have the latest version of node.js and npm installed.
23 error If you do, this is most likely a problem with the project_management_frontend package,
23 error not with npm itself.
23 error Tell the author that this fails on your system:
23 error     node-sass public/sass -o public/css
23 error You can get information on how to open an issue for this project with:
23 error     npm bugs project_management_frontend
23 error Or if that isn't available, you can get their info via:
23 error     npm owner ls project_management_frontend
23 error There is likely additional logging output above.
24 verbose exit [ 1, true ]
